<?xml version="1.0" encoding="UTF-8"?>
<!-- Generated by org.testng.reporters.JUnitXMLReporter -->
<testsuite ignored="0" hostname="Vihaan" failures="0" tests="6" name="chromtest" time="38.709" errors="0" timestamp="2024-07-23T13:39:58 IST">
  <testcase classname="testCases.TC001_AccountRegistrationTest" name="verify_account_registration" time="1.621"/>
  <testcase classname="testCases.TC002_LoginTest" name="verify_login" time="2.15"/>
  <testcase classname="testCases.TC003_LoginDDT" name="verify_loginDDT" time="1.46"/>
  <testcase classname="testCases.TC003_LoginDDT" name="verify_loginDDT" time="10.653"/>
  <testcase classname="testCases.TC003_LoginDDT" name="verify_loginDDT" time="10.859"/>
  <testcase classname="testCases.TC003_LoginDDT" name="verify_loginDDT" time="1.427"/>
</testsuite> <!-- chromtest -->
