<?xml version="1.0" encoding="UTF-8"?>
<testsuite xmlns:xsi="http://www.w3.org/2001/XMLSchema-instance" xsi:noNamespaceSchemaLocation="https://maven.apache.org/surefire/maven-surefire-plugin/xsd/surefire-test-report.xsd" version="3.0.2" name="TestSuite" time="41.264" tests="6" errors="0" skipped="0" failures="0">
  <properties>
[...]
</properties>
  <testcase name="verify_account_registration" classname="testCases.TC001_AccountRegistrationTest" time="1.627">
    <system-err><![CDATA[Jul 23, 2024 1:39:19 PM org.openqa.selenium.remote.tracing.opentelemetry.OpenTelemetryTracer createTracer
INFO: Using OpenTelemetry for tracing
]]></system-err>
  </testcase>
  <testcase name="verify_login" classname="testCases.TC002_LoginTest" time="2.149"/>
  <testcase name="verify_loginDDT[vtest123@gmail.com, Test@123, Valid](1)" classname="testCases.TC003_LoginDDT" time="1.463">
    <system-out><![CDATA[Email:vtest123@gmail.comPassword:Test@123Expected:Valid
]]></system-out>
  </testcase>
  <testcase name="verify_loginDDT[sweety@gmail.com, sweet, Invalid](2)" classname="testCases.TC003_LoginDDT" time="10.654">
    <system-out><![CDATA[Email:sweety@gmail.comPassword:sweetExpected:Invalid
]]></system-out>
  </testcase>
  <testcase name="verify_loginDDT[chinnu@yahoo.com, chinnu@123, Invalid](3)" classname="testCases.TC003_LoginDDT" time="10.859">
    <system-out><![CDATA[Email:chinnu@yahoo.comPassword:chinnu@123Expected:Invalid
]]></system-out>
  </testcase>
  <testcase name="verify_loginDDT[test123@gmail.com, Test@123, Valid](4)" classname="testCases.TC003_LoginDDT" time="1.43">
    <system-out><![CDATA[Email:test123@gmail.comPassword:Test@123Expected:Valid
]]></system-out>
  </testcase>
</testsuite>