<?xml version="1.0" encoding="UTF-8"?>
<testng-results ignored="0" total="6" passed="6" failed="0" skipped="0">
  <reporter-output>
  </reporter-output>
  <suite started-at="2024-07-23T13:39:18 IST" name="Master Suite" finished-at="2024-07-23T13:39:57 IST" duration-ms="38709">
    <groups>
      <group name="Master">
        <method signature="TC001_AccountRegistrationTest.verify_account_registration()[pri:0, instance:testCases.TC001_AccountRegistrationTest@3e14c16d]" name="verify_account_registration" class="testCases.TC001_AccountRegistrationTest"/>
        <method signature="TC002_LoginTest.verify_login()[pri:0, instance:testCases.TC002_LoginTest@793138bd]" name="verify_login" class="testCases.TC002_LoginTest"/>
      </group> <!-- Master -->
      <group name="Sanity">
        <method signature="TC002_LoginTest.verify_login()[pri:0, instance:testCases.TC002_LoginTest@793138bd]" name="verify_login" class="testCases.TC002_LoginTest"/>
      </group> <!-- Sanity -->
      <group name="DataDriven">
        <method signature="TC003_LoginDDT.verify_loginDDT(java.lang.String,java.lang.String,java.lang.String)[pri:0, instance:testCases.TC003_LoginDDT@1951b871]" name="verify_loginDDT" class="testCases.TC003_LoginDDT"/>
      </group> <!-- DataDriven -->
      <group name="Regression">
        <method signature="TC001_AccountRegistrationTest.verify_account_registration()[pri:0, instance:testCases.TC001_AccountRegistrationTest@3e14c16d]" name="verify_account_registration" class="testCases.TC001_AccountRegistrationTest"/>
      </group> <!-- Regression -->
    </groups>
    <test started-at="2024-07-23T13:39:18 IST" name="chromtest" finished-at="2024-07-23T13:39:57 IST" duration-ms="38709">
      <class name="testCases.TC002_LoginTest">
        <test-method is-config="true" signature="setup(java.lang.String,java.lang.String)[pri:0, instance:testCases.TC002_LoginTest@793138bd]" started-at="2024-07-23T13:39:25 IST" name="setup" finished-at="2024-07-23T13:39:27 IST" duration-ms="2039" status="PASS">
          <params>
            <param index="0">
              <value>
                <![CDATA[Windows]]>
              </value>
            </param>
            <param index="1">
              <value>
                <![CDATA[chrome]]>
              </value>
            </param>
          </params>
          <reporter-output>
          </reporter-output>
        </test-method> <!-- setup -->
        <test-method signature="verify_login()[pri:0, instance:testCases.TC002_LoginTest@793138bd]" started-at="2024-07-23T13:39:27 IST" name="verify_login" finished-at="2024-07-23T13:39:29 IST" duration-ms="2150" status="PASS">
          <reporter-output>
          </reporter-output>
        </test-method> <!-- verify_login -->
        <test-method is-config="true" signature="tearDown()[pri:0, instance:testCases.TC002_LoginTest@793138bd]" started-at="2024-07-23T13:39:29 IST" name="tearDown" finished-at="2024-07-23T13:39:29 IST" duration-ms="209" status="PASS">
          <reporter-output>
          </reporter-output>
        </test-method> <!-- tearDown -->
      </class> <!-- testCases.TC002_LoginTest -->
      <class name="testCases.TC003_LoginDDT">
        <test-method is-config="true" signature="setup(java.lang.String,java.lang.String)[pri:0, instance:testCases.TC003_LoginDDT@1951b871]" started-at="2024-07-23T13:39:29 IST" name="setup" finished-at="2024-07-23T13:39:31 IST" duration-ms="1740" status="PASS">
          <params>
            <param index="0">
              <value>
                <![CDATA[Windows]]>
              </value>
            </param>
            <param index="1">
              <value>
                <![CDATA[chrome]]>
              </value>
            </param>
          </params>
          <reporter-output>
          </reporter-output>
        </test-method> <!-- setup -->
        <test-method signature="verify_loginDDT(java.lang.String,java.lang.String,java.lang.String)[pri:0, instance:testCases.TC003_LoginDDT@1951b871]" started-at="2024-07-23T13:39:32 IST" name="verify_loginDDT" data-provider="LoginData" finished-at="2024-07-23T13:39:34 IST" duration-ms="1460" status="PASS">
          <params>
            <param index="0">
              <value>
                <![CDATA[vtest123@gmail.com]]>
              </value>
            </param>
            <param index="1">
              <value>
                <![CDATA[Test@123]]>
              </value>
            </param>
            <param index="2">
              <value>
                <![CDATA[Valid]]>
              </value>
            </param>
          </params>
          <reporter-output>
          </reporter-output>
        </test-method> <!-- verify_loginDDT -->
        <test-method signature="verify_loginDDT(java.lang.String,java.lang.String,java.lang.String)[pri:0, instance:testCases.TC003_LoginDDT@1951b871]" started-at="2024-07-23T13:39:34 IST" name="verify_loginDDT" data-provider="LoginData" finished-at="2024-07-23T13:39:45 IST" duration-ms="10653" status="PASS">
          <params>
            <param index="0">
              <value>
                <![CDATA[sweety@gmail.com]]>
              </value>
            </param>
            <param index="1">
              <value>
                <![CDATA[sweet]]>
              </value>
            </param>
            <param index="2">
              <value>
                <![CDATA[Invalid]]>
              </value>
            </param>
          </params>
          <reporter-output>
          </reporter-output>
        </test-method> <!-- verify_loginDDT -->
        <test-method signature="verify_loginDDT(java.lang.String,java.lang.String,java.lang.String)[pri:0, instance:testCases.TC003_LoginDDT@1951b871]" started-at="2024-07-23T13:39:45 IST" name="verify_loginDDT" data-provider="LoginData" finished-at="2024-07-23T13:39:55 IST" duration-ms="10859" status="PASS">
          <params>
            <param index="0">
              <value>
                <![CDATA[chinnu@yahoo.com]]>
              </value>
            </param>
            <param index="1">
              <value>
                <![CDATA[chinnu@123]]>
              </value>
            </param>
            <param index="2">
              <value>
                <![CDATA[Invalid]]>
              </value>
            </param>
          </params>
          <reporter-output>
          </reporter-output>
        </test-method> <!-- verify_loginDDT -->
        <test-method signature="verify_loginDDT(java.lang.String,java.lang.String,java.lang.String)[pri:0, instance:testCases.TC003_LoginDDT@1951b871]" started-at="2024-07-23T13:39:55 IST" name="verify_loginDDT" data-provider="LoginData" finished-at="2024-07-23T13:39:57 IST" duration-ms="1427" status="PASS">
          <params>
            <param index="0">
              <value>
                <![CDATA[test123@gmail.com]]>
              </value>
            </param>
            <param index="1">
              <value>
                <![CDATA[Test@123]]>
              </value>
            </param>
            <param index="2">
              <value>
                <![CDATA[Valid]]>
              </value>
            </param>
          </params>
          <reporter-output>
          </reporter-output>
        </test-method> <!-- verify_loginDDT -->
        <test-method is-config="true" signature="tearDown()[pri:0, instance:testCases.TC003_LoginDDT@1951b871]" started-at="2024-07-23T13:39:57 IST" name="tearDown" finished-at="2024-07-23T13:39:57 IST" duration-ms="193" status="PASS">
          <reporter-output>
          </reporter-output>
        </test-method> <!-- tearDown -->
      </class> <!-- testCases.TC003_LoginDDT -->
      <class name="testCases.TC001_AccountRegistrationTest">
        <test-method is-config="true" signature="setup(java.lang.String,java.lang.String)[pri:0, instance:testCases.TC001_AccountRegistrationTest@3e14c16d]" started-at="2024-07-23T13:39:18 IST" name="setup" finished-at="2024-07-23T13:39:23 IST" duration-ms="4659" status="PASS">
          <params>
            <param index="0">
              <value>
                <![CDATA[Windows]]>
              </value>
            </param>
            <param index="1">
              <value>
                <![CDATA[chrome]]>
              </value>
            </param>
          </params>
          <reporter-output>
          </reporter-output>
        </test-method> <!-- setup -->
        <test-method signature="verify_account_registration()[pri:0, instance:testCases.TC001_AccountRegistrationTest@3e14c16d]" started-at="2024-07-23T13:39:23 IST" name="verify_account_registration" finished-at="2024-07-23T13:39:25 IST" duration-ms="1621" status="PASS">
          <reporter-output>
          </reporter-output>
        </test-method> <!-- verify_account_registration -->
        <test-method is-config="true" signature="tearDown()[pri:0, instance:testCases.TC001_AccountRegistrationTest@3e14c16d]" started-at="2024-07-23T13:39:25 IST" name="tearDown" finished-at="2024-07-23T13:39:25 IST" duration-ms="197" status="PASS">
          <reporter-output>
          </reporter-output>
        </test-method> <!-- tearDown -->
      </class> <!-- testCases.TC001_AccountRegistrationTest -->
    </test> <!-- chromtest -->
  </suite> <!-- Master Suite -->
</testng-results>
